<?xml version="1.0" encoding="UTF-8"?>
<!-- Generated by org.testng.reporters.JUnitReportReporter -->
<testsuite hostname="PTWB-IT-LAP-553" failures="0" tests="1" name="testCases.TC001_AccountRegistrationTest" time="1.762" errors="0" timestamp="2024-12-24T12:21:46 IST" skipped="0">
  <testcase classname="testCases.TC001_AccountRegistrationTest" name="verify_account_registration" time="1.762"/>
</testsuite> <!-- testCases.TC001_AccountRegistrationTest -->
