<?xml version="1.0" encoding="UTF-8"?>
<!-- Generated by org.testng.reporters.JUnitReportReporter -->
<testsuite hostname="PTWB-IT-LAP-553" failures="0" tests="1" name="testCases.TC002_LoginTest" time="3.218" errors="0" timestamp="2024-12-24T18:40:28 IST" skipped="0">
  <testcase classname="testCases.TC002_LoginTest" name="verify_login" time="3.218"/>
</testsuite> <!-- testCases.TC002_LoginTest -->
